new_app/build/app/intermediates/manifest_merge_blame_file/debug/processDebugMainManifest/manifest-merger-blame-debug-report.txt
1<?xml version="1.0" encoding="utf-8"?>
2<manifest xmlns:android="http://schemas.android.com/apk/res/android"
3    package="com.example.new_app"
4    android:versionCode="1"
5    android:versionName="1.0.0" >
6
7    <uses-sdk
8        android:minSdkVersion="21"
9        android:targetSdkVersion="35" />
10    <!--
11         The INTERNET permission is required for development. Specifically,
12         the Flutter tool needs it to communicate with the running application
13         to allow setting breakpoints, to provide hot reload, etc.
14    -->
15    <uses-permission android:name="android.permission.INTERNET" />
15-->src\main\AndroidManifest.xml:7:5-67
15-->src\main\AndroidManifest.xml:7:22-64
16    <!-- İzinler manifest'in en üstünde, application'dan önce tanımlanmalı -->
17    <uses-permission android:name="android.permission.ACCESS_FINE_LOCATION" />
17-->src\main\AndroidManifest.xml:5:5-79
17-->src\main\AndroidManifest.xml:5:22-76
18    <uses-permission android:name="android.permission.ACCESS_COARSE_LOCATION" />
18-->src\main\AndroidManifest.xml:6:5-81
18-->src\main\AndroidManifest.xml:6:22-78
19
20    <queries>
20-->src\main\AndroidManifest.xml:43:5-48:15
21        <intent>
21-->src\main\AndroidManifest.xml:44:9-47:18
22            <action android:name="android.intent.action.PROCESS_TEXT" />
22-->src\main\AndroidManifest.xml:45:13-72
22-->src\main\AndroidManifest.xml:45:21-70
23
24            <data android:mimeType="text/plain" />
24-->src\main\AndroidManifest.xml:46:13-50
24-->src\main\AndroidManifest.xml:46:19-48
25        </intent>
26        <!-- Needs to be explicitly declared on Android R+ -->
27        <package android:name="com.google.android.apps.maps" />
27-->[com.google.android.gms:play-services-maps:18.2.0] AndroidManifest.xml:33:9-64
27-->[com.google.android.gms:play-services-maps:18.2.0] AndroidManifest.xml:33:18-61
28    </queries>
29
30    <uses-permission android:name="android.permission.WAKE_LOCK" />
30-->[:firebase_messaging] AndroidManifest.xml:8:5-68
30-->[:firebase_messaging] AndroidManifest.xml:8:22-65
31    <uses-permission android:name="android.permission.ACCESS_NETWORK_STATE" /> <!-- Permissions options for the `notification` group -->
31-->[:firebase_messaging] AndroidManifest.xml:9:5-79
31-->[:firebase_messaging] AndroidManifest.xml:9:22-76
32    <uses-permission android:name="android.permission.POST_NOTIFICATIONS" />
32-->[:firebase_messaging] AndroidManifest.xml:11:5-77
32-->[:firebase_messaging] AndroidManifest.xml:11:22-74
33    <uses-permission android:name="android.permission.VIBRATE" />
33-->[:flutter_local_notifications] AndroidManifest.xml:7:5-66
33-->[:flutter_local_notifications] AndroidManifest.xml:7:22-63
34
35    <uses-feature
35-->[com.google.android.gms:play-services-maps:18.2.0] AndroidManifest.xml:26:5-28:35
36        android:glEsVersion="0x00020000"
36-->[com.google.android.gms:play-services-maps:18.2.0] AndroidManifest.xml:27:9-41
37        android:required="true" /> <!-- Required by older versions of Google Play services to create IID tokens -->
37-->[com.google.android.gms:play-services-maps:18.2.0] AndroidManifest.xml:28:9-32
38    <uses-permission android:name="com.google.android.c2dm.permission.RECEIVE" />
38-->[com.google.firebase:firebase-messaging:23.4.1] AndroidManifest.xml:26:5-82
38-->[com.google.firebase:firebase-messaging:23.4.1] AndroidManifest.xml:26:22-79
39    <uses-permission android:name="com.google.android.providers.gsf.permission.READ_GSERVICES" />
39-->[com.google.android.recaptcha:recaptcha:18.4.0] AndroidManifest.xml:9:5-98
39-->[com.google.android.recaptcha:recaptcha:18.4.0] AndroidManifest.xml:9:22-95
40
41    <permission
41-->[androidx.core:core:1.13.1] AndroidManifest.xml:22:5-24:47
42        android:name="com.example.new_app.DYNAMIC_RECEIVER_NOT_EXPORTED_PERMISSION"
42-->[androidx.core:core:1.13.1] AndroidManifest.xml:23:9-81
43        android:protectionLevel="signature" />
43-->[androidx.core:core:1.13.1] AndroidManifest.xml:24:9-44
44
45    <uses-permission android:name="com.example.new_app.DYNAMIC_RECEIVER_NOT_EXPORTED_PERMISSION" />
45-->[androidx.core:core:1.13.1] AndroidManifest.xml:26:5-97
45-->[androidx.core:core:1.13.1] AndroidManifest.xml:26:22-94
46
47    <application
48        android:name="android.app.Application"
49        android:appComponentFactory="androidx.core.app.CoreComponentFactory"
49-->[androidx.core:core:1.13.1] AndroidManifest.xml:28:18-86
50        android:debuggable="true"
51        android:extractNativeLibs="true"
52        android:icon="@mipmap/ic_launcher"
53        android:label="new_app" >
54        <meta-data
55            android:name="com.google.android.geo.API_KEY"
56            android:value="AIzaSyAQiZfrrBRGkzEde2Xfmhr5UEsfhYpbR0A" />
57
58        <activity
59            android:name="com.example.new_app.MainActivity"
60            android:configChanges="orientation|keyboardHidden|keyboard|screenSize|smallestScreenSize|locale|layoutDirection|fontScale|screenLayout|density|uiMode"
61            android:exported="true"
62            android:hardwareAccelerated="true"
63            android:launchMode="singleTop"
64            android:taskAffinity=""
65            android:theme="@style/LaunchTheme"
66            android:windowSoftInputMode="adjustResize" >
67            <meta-data
68                android:name="io.flutter.embedding.android.NormalTheme"
69                android:resource="@style/NormalTheme" />
70
71            <intent-filter>
72                <action android:name="android.intent.action.MAIN" />
73
74                <category android:name="android.intent.category.LAUNCHER" />
75            </intent-filter>
76        </activity>
77
78        <meta-data
79            android:name="flutterEmbedding"
80            android:value="2" />
81
82        <service
82-->[:geolocator_android] AndroidManifest.xml:8:9-12:56
83            android:name="com.baseflow.geolocator.GeolocatorLocationService"
83-->[:geolocator_android] AndroidManifest.xml:9:13-77
84            android:enabled="true"
84-->[:geolocator_android] AndroidManifest.xml:10:13-35
85            android:exported="false"
85-->[:geolocator_android] AndroidManifest.xml:11:13-37
86            android:foregroundServiceType="location" />
86-->[:geolocator_android] AndroidManifest.xml:12:13-53
87        <service
87-->[:firebase_auth] AndroidManifest.xml:8:9-12:19
88            android:name="com.google.firebase.components.ComponentDiscoveryService"
88-->[:firebase_auth] AndroidManifest.xml:8:18-89
89            android:directBootAware="true"
89-->[com.google.firebase:firebase-common:20.4.3] AndroidManifest.xml:32:13-43
90            android:exported="false" >
90-->[com.google.firebase:firebase-auth:22.3.1] AndroidManifest.xml:68:13-37
91            <meta-data
91-->[:firebase_auth] AndroidManifest.xml:9:13-11:85
92                android:name="com.google.firebase.components:io.flutter.plugins.firebase.auth.FlutterFirebaseAuthRegistrar"
92-->[:firebase_auth] AndroidManifest.xml:10:17-124
93                android:value="com.google.firebase.components.ComponentRegistrar" />
93-->[:firebase_auth] AndroidManifest.xml:11:17-82
94            <meta-data
94-->[:firebase_messaging] AndroidManifest.xml:36:13-38:85
95                android:name="com.google.firebase.components:io.flutter.plugins.firebase.messaging.FlutterFirebaseAppRegistrar"
95-->[:firebase_messaging] AndroidManifest.xml:37:17-128
96                android:value="com.google.firebase.components.ComponentRegistrar" />
96-->[:firebase_messaging] AndroidManifest.xml:38:17-82
97            <meta-data
97-->[:firebase_core] AndroidManifest.xml:9:13-11:85
98                android:name="com.google.firebase.components:io.flutter.plugins.firebase.core.FlutterFirebaseCoreRegistrar"
98-->[:firebase_core] AndroidManifest.xml:10:17-124
99                android:value="com.google.firebase.components.ComponentRegistrar" />
99-->[:firebase_core] AndroidManifest.xml:11:17-82
100            <meta-data
100-->[com.google.firebase:firebase-auth:22.3.1] AndroidManifest.xml:69:13-71:85
101                android:name="com.google.firebase.components:com.google.firebase.auth.FirebaseAuthRegistrar"
101-->[com.google.firebase:firebase-auth:22.3.1] AndroidManifest.xml:70:17-109
102                android:value="com.google.firebase.components.ComponentRegistrar" />
102-->[com.google.firebase:firebase-auth:22.3.1] AndroidManifest.xml:71:17-82
103            <meta-data
103-->[com.google.firebase:firebase-messaging:23.4.1] AndroidManifest.xml:57:13-59:85
104                android:name="com.google.firebase.components:com.google.firebase.messaging.FirebaseMessagingKtxRegistrar"
104-->[com.google.firebase:firebase-messaging:23.4.1] AndroidManifest.xml:58:17-122
105                android:value="com.google.firebase.components.ComponentRegistrar" />
105-->[com.google.firebase:firebase-messaging:23.4.1] AndroidManifest.xml:59:17-82
106            <meta-data
106-->[com.google.firebase:firebase-messaging:23.4.1] AndroidManifest.xml:60:13-62:85
107                android:name="com.google.firebase.components:com.google.firebase.messaging.FirebaseMessagingRegistrar"
107-->[com.google.firebase:firebase-messaging:23.4.1] AndroidManifest.xml:61:17-119
108                android:value="com.google.firebase.components.ComponentRegistrar" />
108-->[com.google.firebase:firebase-messaging:23.4.1] AndroidManifest.xml:62:17-82
109            <meta-data
109-->[com.google.firebase:firebase-installations:17.2.0] AndroidManifest.xml:15:13-17:85
110                android:name="com.google.firebase.components:com.google.firebase.installations.FirebaseInstallationsKtxRegistrar"
110-->[com.google.firebase:firebase-installations:17.2.0] AndroidManifest.xml:16:17-130
111                android:value="com.google.firebase.components.ComponentRegistrar" />
111-->[com.google.firebase:firebase-installations:17.2.0] AndroidManifest.xml:17:17-82
112            <meta-data
112-->[com.google.firebase:firebase-installations:17.2.0] AndroidManifest.xml:18:13-20:85
113                android:name="com.google.firebase.components:com.google.firebase.installations.FirebaseInstallationsRegistrar"
113-->[com.google.firebase:firebase-installations:17.2.0] AndroidManifest.xml:19:17-127
114                android:value="com.google.firebase.components.ComponentRegistrar" />
114-->[com.google.firebase:firebase-installations:17.2.0] AndroidManifest.xml:20:17-82
115            <meta-data
115-->[com.google.firebase:firebase-common-ktx:20.4.3] AndroidManifest.xml:12:13-14:85
116                android:name="com.google.firebase.components:com.google.firebase.ktx.FirebaseCommonLegacyRegistrar"
116-->[com.google.firebase:firebase-common-ktx:20.4.3] AndroidManifest.xml:13:17-116
117                android:value="com.google.firebase.components.ComponentRegistrar" />
117-->[com.google.firebase:firebase-common-ktx:20.4.3] AndroidManifest.xml:14:17-82
118            <meta-data
118-->[com.google.firebase:firebase-common:20.4.3] AndroidManifest.xml:35:13-37:85
119                android:name="com.google.firebase.components:com.google.firebase.FirebaseCommonKtxRegistrar"
119-->[com.google.firebase:firebase-common:20.4.3] AndroidManifest.xml:36:17-109
120                android:value="com.google.firebase.components.ComponentRegistrar" />
120-->[com.google.firebase:firebase-common:20.4.3] AndroidManifest.xml:37:17-82
121            <meta-data
121-->[com.google.firebase:firebase-datatransport:18.1.7] AndroidManifest.xml:27:13-29:85
122                android:name="com.google.firebase.components:com.google.firebase.datatransport.TransportRegistrar"
122-->[com.google.firebase:firebase-datatransport:18.1.7] AndroidManifest.xml:28:17-115
123                android:value="com.google.firebase.components.ComponentRegistrar" />
123-->[com.google.firebase:firebase-datatransport:18.1.7] AndroidManifest.xml:29:17-82
124        </service>
125        <service
125-->[:firebase_messaging] AndroidManifest.xml:14:9-17:72
126            android:name="io.flutter.plugins.firebase.messaging.FlutterFirebaseMessagingBackgroundService"
126-->[:firebase_messaging] AndroidManifest.xml:15:13-107
127            android:exported="false"
127-->[:firebase_messaging] AndroidManifest.xml:16:13-37
128            android:permission="android.permission.BIND_JOB_SERVICE" />
128-->[:firebase_messaging] AndroidManifest.xml:17:13-69
129        <service
129-->[:firebase_messaging] AndroidManifest.xml:18:9-24:19
130            android:name="io.flutter.plugins.firebase.messaging.FlutterFirebaseMessagingService"
130-->[:firebase_messaging] AndroidManifest.xml:19:13-97
131            android:exported="false" >
131-->[:firebase_messaging] AndroidManifest.xml:20:13-37
132            <intent-filter>
132-->[:firebase_messaging] AndroidManifest.xml:21:13-23:29
133                <action android:name="com.google.firebase.MESSAGING_EVENT" />
133-->[:firebase_messaging] AndroidManifest.xml:22:17-78
133-->[:firebase_messaging] AndroidManifest.xml:22:25-75
134            </intent-filter>
135        </service>
136
137        <receiver
137-->[:firebase_messaging] AndroidManifest.xml:26:9-33:20
138            android:name="io.flutter.plugins.firebase.messaging.FlutterFirebaseMessagingReceiver"
138-->[:firebase_messaging] AndroidManifest.xml:27:13-98
139            android:exported="true"
139-->[:firebase_messaging] AndroidManifest.xml:28:13-36
140            android:permission="com.google.android.c2dm.permission.SEND" >
140-->[:firebase_messaging] AndroidManifest.xml:29:13-73
141            <intent-filter>
141-->[:firebase_messaging] AndroidManifest.xml:30:13-32:29
142                <action android:name="com.google.android.c2dm.intent.RECEIVE" />
142-->[:firebase_messaging] AndroidManifest.xml:31:17-81
142-->[:firebase_messaging] AndroidManifest.xml:31:25-78
143            </intent-filter>
144        </receiver>
145
146        <provider
146-->[:firebase_messaging] AndroidManifest.xml:41:9-45:38
147            android:name="io.flutter.plugins.firebase.messaging.FlutterFirebaseMessagingInitProvider"
147-->[:firebase_messaging] AndroidManifest.xml:42:13-102
148            android:authorities="com.example.new_app.flutterfirebasemessaginginitprovider"
148-->[:firebase_messaging] AndroidManifest.xml:43:13-88
149            android:exported="false"
149-->[:firebase_messaging] AndroidManifest.xml:44:13-37
150            android:initOrder="99" />
150-->[:firebase_messaging] AndroidManifest.xml:45:13-35
151        <provider
151-->[:image_picker_android] AndroidManifest.xml:9:9-17:20
152            android:name="io.flutter.plugins.imagepicker.ImagePickerFileProvider"
152-->[:image_picker_android] AndroidManifest.xml:10:13-82
153            android:authorities="com.example.new_app.flutter.image_provider"
153-->[:image_picker_android] AndroidManifest.xml:11:13-74
154            android:exported="false"
154-->[:image_picker_android] AndroidManifest.xml:12:13-37
155            android:grantUriPermissions="true" >
155-->[:image_picker_android] AndroidManifest.xml:13:13-47
156            <meta-data
156-->[:image_picker_android] AndroidManifest.xml:14:13-16:75
157                android:name="android.support.FILE_PROVIDER_PATHS"
157-->[:image_picker_android] AndroidManifest.xml:15:17-67
158                android:resource="@xml/flutter_image_picker_file_paths" />
158-->[:image_picker_android] AndroidManifest.xml:16:17-72
159        </provider> <!-- Trigger Google Play services to install the backported photo picker module. -->
160        <service
160-->[:image_picker_android] AndroidManifest.xml:19:9-31:19
161            android:name="com.google.android.gms.metadata.ModuleDependencies"
161-->[:image_picker_android] AndroidManifest.xml:20:13-78
162            android:enabled="false"
162-->[:image_picker_android] AndroidManifest.xml:21:13-36
163            android:exported="false" >
163-->[:image_picker_android] AndroidManifest.xml:22:13-37
164            <intent-filter>
164-->[:image_picker_android] AndroidManifest.xml:24:13-26:29
165                <action android:name="com.google.android.gms.metadata.MODULE_DEPENDENCIES" />
165-->[:image_picker_android] AndroidManifest.xml:25:17-94
165-->[:image_picker_android] AndroidManifest.xml:25:25-91
166            </intent-filter>
167
168            <meta-data
168-->[:image_picker_android] AndroidManifest.xml:28:13-30:36
169                android:name="photopicker_activity:0:required"
169-->[:image_picker_android] AndroidManifest.xml:29:17-63
170                android:value="" />
170-->[:image_picker_android] AndroidManifest.xml:30:17-33
171        </service>
172
173        <activity
173-->[:url_launcher_android] AndroidManifest.xml:8:9-11:74
174            android:name="io.flutter.plugins.urllauncher.WebViewActivity"
174-->[:url_launcher_android] AndroidManifest.xml:9:13-74
175            android:exported="false"
175-->[:url_launcher_android] AndroidManifest.xml:10:13-37
176            android:theme="@android:style/Theme.NoTitleBar.Fullscreen" /> <!-- Needs to be explicitly declared on P+ -->
176-->[:url_launcher_android] AndroidManifest.xml:11:13-71
177        <uses-library
177-->[com.google.android.gms:play-services-maps:18.2.0] AndroidManifest.xml:39:9-41:40
178            android:name="org.apache.http.legacy"
178-->[com.google.android.gms:play-services-maps:18.2.0] AndroidManifest.xml:40:13-50
179            android:required="false" />
179-->[com.google.android.gms:play-services-maps:18.2.0] AndroidManifest.xml:41:13-37
180
181        <activity
181-->[com.google.android.gms:play-services-auth:21.0.0] AndroidManifest.xml:23:9-27:75
182            android:name="com.google.android.gms.auth.api.signin.internal.SignInHubActivity"
182-->[com.google.android.gms:play-services-auth:21.0.0] AndroidManifest.xml:24:13-93
183            android:excludeFromRecents="true"
183-->[com.google.android.gms:play-services-auth:21.0.0] AndroidManifest.xml:25:13-46
184            android:exported="false"
184-->[com.google.android.gms:play-services-auth:21.0.0] AndroidManifest.xml:26:13-37
185            android:theme="@android:style/Theme.Translucent.NoTitleBar" />
185-->[com.google.android.gms:play-services-auth:21.0.0] AndroidManifest.xml:27:13-72
186        <!--
187            Service handling Google Sign-In user revocation. For apps that do not integrate with
188            Google Sign-In, this service will never be started.
189        -->
190        <service
190-->[com.google.android.gms:play-services-auth:21.0.0] AndroidManifest.xml:33:9-37:51
191            android:name="com.google.android.gms.auth.api.signin.RevocationBoundService"
191-->[com.google.android.gms:play-services-auth:21.0.0] AndroidManifest.xml:34:13-89
192            android:exported="true"
192-->[com.google.android.gms:play-services-auth:21.0.0] AndroidManifest.xml:35:13-36
193            android:permission="com.google.android.gms.auth.api.signin.permission.REVOCATION_NOTIFICATION"
193-->[com.google.android.gms:play-services-auth:21.0.0] AndroidManifest.xml:36:13-107
194            android:visibleToInstantApps="true" />
194-->[com.google.android.gms:play-services-auth:21.0.0] AndroidManifest.xml:37:13-48
195
196        <activity
196-->[com.google.firebase:firebase-auth:22.3.1] AndroidManifest.xml:29:9-46:20
197            android:name="com.google.firebase.auth.internal.GenericIdpActivity"
197-->[com.google.firebase:firebase-auth:22.3.1] AndroidManifest.xml:30:13-80
198            android:excludeFromRecents="true"
198-->[com.google.firebase:firebase-auth:22.3.1] AndroidManifest.xml:31:13-46
199            android:exported="true"
199-->[com.google.firebase:firebase-auth:22.3.1] AndroidManifest.xml:32:13-36
200            android:launchMode="singleTask"
200-->[com.google.firebase:firebase-auth:22.3.1] AndroidManifest.xml:33:13-44
201            android:theme="@android:style/Theme.Translucent.NoTitleBar" >
201-->[com.google.firebase:firebase-auth:22.3.1] AndroidManifest.xml:34:13-72
202            <intent-filter>
202-->[com.google.firebase:firebase-auth:22.3.1] AndroidManifest.xml:35:13-45:29
203                <action android:name="android.intent.action.VIEW" />
203-->[com.google.firebase:firebase-auth:22.3.1] AndroidManifest.xml:36:17-69
203-->[com.google.firebase:firebase-auth:22.3.1] AndroidManifest.xml:36:25-66
204
205                <category android:name="android.intent.category.DEFAULT" />
205-->[com.google.firebase:firebase-auth:22.3.1] AndroidManifest.xml:38:17-76
205-->[com.google.firebase:firebase-auth:22.3.1] AndroidManifest.xml:38:27-73
206                <category android:name="android.intent.category.BROWSABLE" />
206-->[com.google.firebase:firebase-auth:22.3.1] AndroidManifest.xml:39:17-78
206-->[com.google.firebase:firebase-auth:22.3.1] AndroidManifest.xml:39:27-75
207
208                <data
208-->src\main\AndroidManifest.xml:46:13-50
209                    android:host="firebase.auth"
210                    android:path="/"
211                    android:scheme="genericidp" />
212            </intent-filter>
213        </activity>
214        <activity
214-->[com.google.firebase:firebase-auth:22.3.1] AndroidManifest.xml:47:9-64:20
215            android:name="com.google.firebase.auth.internal.RecaptchaActivity"
215-->[com.google.firebase:firebase-auth:22.3.1] AndroidManifest.xml:48:13-79
216            android:excludeFromRecents="true"
216-->[com.google.firebase:firebase-auth:22.3.1] AndroidManifest.xml:49:13-46
217            android:exported="true"
217-->[com.google.firebase:firebase-auth:22.3.1] AndroidManifest.xml:50:13-36
218            android:launchMode="singleTask"
218-->[com.google.firebase:firebase-auth:22.3.1] AndroidManifest.xml:51:13-44
219            android:theme="@android:style/Theme.Translucent.NoTitleBar" >
219-->[com.google.firebase:firebase-auth:22.3.1] AndroidManifest.xml:52:13-72
220            <intent-filter>
220-->[com.google.firebase:firebase-auth:22.3.1] AndroidManifest.xml:53:13-63:29
221                <action android:name="android.intent.action.VIEW" />
221-->[com.google.firebase:firebase-auth:22.3.1] AndroidManifest.xml:36:17-69
221-->[com.google.firebase:firebase-auth:22.3.1] AndroidManifest.xml:36:25-66
222
223                <category android:name="android.intent.category.DEFAULT" />
223-->[com.google.firebase:firebase-auth:22.3.1] AndroidManifest.xml:38:17-76
223-->[com.google.firebase:firebase-auth:22.3.1] AndroidManifest.xml:38:27-73
224                <category android:name="android.intent.category.BROWSABLE" />
224-->[com.google.firebase:firebase-auth:22.3.1] AndroidManifest.xml:39:17-78
224-->[com.google.firebase:firebase-auth:22.3.1] AndroidManifest.xml:39:27-75
225
226                <data
226-->src\main\AndroidManifest.xml:46:13-50
227                    android:host="firebase.auth"
228                    android:path="/"
229                    android:scheme="recaptcha" />
230            </intent-filter>
231        </activity>
232
233        <receiver
233-->[com.google.firebase:firebase-messaging:23.4.1] AndroidManifest.xml:29:9-40:20
234            android:name="com.google.firebase.iid.FirebaseInstanceIdReceiver"
234-->[com.google.firebase:firebase-messaging:23.4.1] AndroidManifest.xml:30:13-78
235            android:exported="true"
235-->[com.google.firebase:firebase-messaging:23.4.1] AndroidManifest.xml:31:13-36
236            android:permission="com.google.android.c2dm.permission.SEND" >
236-->[com.google.firebase:firebase-messaging:23.4.1] AndroidManifest.xml:32:13-73
237            <intent-filter>
237-->[:firebase_messaging] AndroidManifest.xml:30:13-32:29
238                <action android:name="com.google.android.c2dm.intent.RECEIVE" />
238-->[:firebase_messaging] AndroidManifest.xml:31:17-81
238-->[:firebase_messaging] AndroidManifest.xml:31:25-78
239            </intent-filter>
240
241            <meta-data
241-->[com.google.firebase:firebase-messaging:23.4.1] AndroidManifest.xml:37:13-39:40
242                android:name="com.google.android.gms.cloudmessaging.FINISHED_AFTER_HANDLED"
242-->[com.google.firebase:firebase-messaging:23.4.1] AndroidManifest.xml:38:17-92
243                android:value="true" />
243-->[com.google.firebase:firebase-messaging:23.4.1] AndroidManifest.xml:39:17-37
244        </receiver>
245        <!--
246             FirebaseMessagingService performs security checks at runtime,
247             but set to not exported to explicitly avoid allowing another app to call it.
248        -->
249        <service
249-->[com.google.firebase:firebase-messaging:23.4.1] AndroidManifest.xml:46:9-53:19
250            android:name="com.google.firebase.messaging.FirebaseMessagingService"
250-->[com.google.firebase:firebase-messaging:23.4.1] AndroidManifest.xml:47:13-82
251            android:directBootAware="true"
251-->[com.google.firebase:firebase-messaging:23.4.1] AndroidManifest.xml:48:13-43
252            android:exported="false" >
252-->[com.google.firebase:firebase-messaging:23.4.1] AndroidManifest.xml:49:13-37
253            <intent-filter android:priority="-500" >
253-->[:firebase_messaging] AndroidManifest.xml:21:13-23:29
254                <action android:name="com.google.firebase.MESSAGING_EVENT" />
254-->[:firebase_messaging] AndroidManifest.xml:22:17-78
254-->[:firebase_messaging] AndroidManifest.xml:22:25-75
255            </intent-filter>
256        </service>
257
258        <activity
258-->[com.google.android.gms:play-services-base:18.3.0] AndroidManifest.xml:20:9-22:45
259            android:name="com.google.android.gms.common.api.GoogleApiActivity"
259-->[com.google.android.gms:play-services-base:18.3.0] AndroidManifest.xml:20:19-85
260            android:exported="false"
260-->[com.google.android.gms:play-services-base:18.3.0] AndroidManifest.xml:22:19-43
261            android:theme="@android:style/Theme.Translucent.NoTitleBar" />
261-->[com.google.android.gms:play-services-base:18.3.0] AndroidManifest.xml:21:19-78
262
263        <provider
263-->[com.google.firebase:firebase-common:20.4.3] AndroidManifest.xml:23:9-28:39
264            android:name="com.google.firebase.provider.FirebaseInitProvider"
264-->[com.google.firebase:firebase-common:20.4.3] AndroidManifest.xml:24:13-77
265            android:authorities="com.example.new_app.firebaseinitprovider"
265-->[com.google.firebase:firebase-common:20.4.3] AndroidManifest.xml:25:13-72
266            android:directBootAware="true"
266-->[com.google.firebase:firebase-common:20.4.3] AndroidManifest.xml:26:13-43
267            android:exported="false"
267-->[com.google.firebase:firebase-common:20.4.3] AndroidManifest.xml:27:13-37
268            android:initOrder="100" />
268-->[com.google.firebase:firebase-common:20.4.3] AndroidManifest.xml:28:13-36
269
270        <uses-library
270-->[androidx.window:window:1.2.0] AndroidManifest.xml:23:9-25:40
271            android:name="androidx.window.extensions"
271-->[androidx.window:window:1.2.0] AndroidManifest.xml:24:13-54
272            android:required="false" />
272-->[androidx.window:window:1.2.0] AndroidManifest.xml:25:13-37
273        <uses-library
273-->[androidx.window:window:1.2.0] AndroidManifest.xml:26:9-28:40
274            android:name="androidx.window.sidecar"
274-->[androidx.window:window:1.2.0] AndroidManifest.xml:27:13-51
275            android:required="false" />
275-->[androidx.window:window:1.2.0] AndroidManifest.xml:28:13-37
276
277        <meta-data
277-->[com.google.android.gms:play-services-basement:18.3.0] AndroidManifest.xml:21:9-23:69
278            android:name="com.google.android.gms.version"
278-->[com.google.android.gms:play-services-basement:18.3.0] AndroidManifest.xml:22:13-58
279            android:value="@integer/google_play_services_version" />
279-->[com.google.android.gms:play-services-basement:18.3.0] AndroidManifest.xml:23:13-66
280
281        <provider
281-->[androidx.lifecycle:lifecycle-process:2.7.0] AndroidManifest.xml:24:9-32:20
282            android:name="androidx.startup.InitializationProvider"
282-->[androidx.lifecycle:lifecycle-process:2.7.0] AndroidManifest.xml:25:13-67
283            android:authorities="com.example.new_app.androidx-startup"
283-->[androidx.lifecycle:lifecycle-process:2.7.0] AndroidManifest.xml:26:13-68
284            android:exported="false" >
284-->[androidx.lifecycle:lifecycle-process:2.7.0] AndroidManifest.xml:27:13-37
285            <meta-data
285-->[androidx.lifecycle:lifecycle-process:2.7.0] AndroidManifest.xml:29:13-31:52
286                android:name="androidx.lifecycle.ProcessLifecycleInitializer"
286-->[androidx.lifecycle:lifecycle-process:2.7.0] AndroidManifest.xml:30:17-78
287                android:value="androidx.startup" />
287-->[androidx.lifecycle:lifecycle-process:2.7.0] AndroidManifest.xml:31:17-49
288            <meta-data
288-->[androidx.profileinstaller:profileinstaller:1.3.1] AndroidManifest.xml:29:13-31:52
289                android:name="androidx.profileinstaller.ProfileInstallerInitializer"
289-->[androidx.profileinstaller:profileinstaller:1.3.1] AndroidManifest.xml:30:17-85
290                android:value="androidx.startup" />
290-->[androidx.profileinstaller:profileinstaller:1.3.1] AndroidManifest.xml:31:17-49
291        </provider>
292
293        <receiver
293-->[androidx.profileinstaller:profileinstaller:1.3.1] AndroidManifest.xml:34:9-52:20
294            android:name="androidx.profileinstaller.ProfileInstallReceiver"
294-->[androidx.profileinstaller:profileinstaller:1.3.1] AndroidManifest.xml:35:13-76
295            android:directBootAware="false"
295-->[androidx.profileinstaller:profileinstaller:1.3.1] AndroidManifest.xml:36:13-44
296            android:enabled="true"
296-->[androidx.profileinstaller:profileinstaller:1.3.1] AndroidManifest.xml:37:13-35
297            android:exported="true"
297-->[androidx.profileinstaller:profileinstaller:1.3.1] AndroidManifest.xml:38:13-36
298            android:permission="android.permission.DUMP" >
298-->[androidx.profileinstaller:profileinstaller:1.3.1] AndroidManifest.xml:39:13-57
299            <intent-filter>